<?xml version="1.0" encoding="UTF-8"?>
<testng-results skipped="0" failed="0" ignored="0" total="3" passed="3">
  <reporter-output>
  </reporter-output>
  <suite name="Test.Tests" duration-ms="83348" started-at="2018-10-17T22:08:04Z" finished-at="2018-10-17T22:09:27Z">
    <groups>
    </groups>
    <test name="Command line test" duration-ms="83348" started-at="2018-10-17T22:08:04Z" finished-at="2018-10-17T22:09:27Z">
      <class name="Test.Tests">
        <test-method status="PASS" signature="setUp()[pri:0, instance:Test.Tests@668bc3d5]" name="setUp" is-config="true" duration-ms="9010" started-at="2018-10-17T22:08:04Z" finished-at="2018-10-17T22:08:13Z">
          <reporter-output>
          </reporter-output>
        </test-method> <!-- setUp -->
        <test-method status="PASS" signature="minAssigneeInfoDependent()[pri:0, instance:Test.Tests@668bc3d5]" name="minAssigneeInfoDependent" duration-ms="18010" started-at="2018-10-17T22:08:13Z" finished-at="2018-10-17T22:08:31Z">
          <reporter-output>
          </reporter-output>
        </test-method> <!-- minAssigneeInfoDependent -->
        <test-method status="PASS" signature="tearDown()[pri:0, instance:Test.Tests@668bc3d5]" name="tearDown" is-config="true" duration-ms="2141" started-at="2018-10-17T22:08:31Z" finished-at="2018-10-17T22:08:33Z">
          <reporter-output>
          </reporter-output>
        </test-method> <!-- tearDown -->
        <test-method status="PASS" signature="setUp()[pri:0, instance:Test.Tests@668bc3d5]" name="setUp" is-config="true" duration-ms="9029" started-at="2018-10-17T22:08:33Z" finished-at="2018-10-17T22:08:42Z">
          <reporter-output>
          </reporter-output>
        </test-method> <!-- setUp -->
        <test-method status="PASS" signature="minAssigneeInfoNoState()[pri:0, instance:Test.Tests@668bc3d5]" name="minAssigneeInfoNoState" duration-ms="14090" started-at="2018-10-17T22:08:42Z" finished-at="2018-10-17T22:08:56Z">
          <reporter-output>
          </reporter-output>
        </test-method> <!-- minAssigneeInfoNoState -->
        <test-method status="PASS" signature="tearDown()[pri:0, instance:Test.Tests@668bc3d5]" name="tearDown" is-config="true" duration-ms="2432" started-at="2018-10-17T22:08:56Z" finished-at="2018-10-17T22:08:58Z">
          <reporter-output>
          </reporter-output>
        </test-method> <!-- tearDown -->
        <test-method status="PASS" signature="setUp()[pri:0, instance:Test.Tests@668bc3d5]" name="setUp" is-config="true" duration-ms="9944" started-at="2018-10-17T22:08:58Z" finished-at="2018-10-17T22:09:08Z">
          <reporter-output>
          </reporter-output>
        </test-method> <!-- setUp -->
        <test-method status="PASS" signature="minAssigneeInfoState()[pri:0, instance:Test.Tests@668bc3d5]" name="minAssigneeInfoState" duration-ms="16410" started-at="2018-10-17T22:09:08Z" finished-at="2018-10-17T22:09:25Z">
          <reporter-output>
          </reporter-output>
        </test-method> <!-- minAssigneeInfoState -->
        <test-method status="PASS" signature="tearDown()[pri:0, instance:Test.Tests@668bc3d5]" name="tearDown" is-config="true" duration-ms="2249" started-at="2018-10-17T22:09:25Z" finished-at="2018-10-17T22:09:27Z">
          <reporter-output>
          </reporter-output>
        </test-method> <!-- tearDown -->
      </class> <!-- Test.Tests -->
    </test> <!-- Command line test -->
  </suite> <!-- Test.Tests -->
</testng-results>
