<?xml version="1.0" encoding="UTF-8"?>
<!-- Generated by org.testng.reporters.JUnitXMLReporter -->
<testsuite hostname="CLDmamanrique01" ignored="0" name="Command line test" tests="3" failures="0" timestamp="17 Oct 2018 22:09:27 GMT" time="83.348" errors="0">
  <testcase name="minAssigneeInfoDependent" time="18.01" classname="Test.Tests"/>
  <testcase name="minAssigneeInfoNoState" time="14.09" classname="Test.Tests"/>
  <testcase name="minAssigneeInfoState" time="16.41" classname="Test.Tests"/>
</testsuite> <!-- Command line test -->
